2020-03-23 08:30:00 lct      INFO    Config.lct_root: d:\06_GITHUB\lct
2020-03-23 08:30:00 lct      INFO    config.yaml entry log_level is WARNING.
2020-03-23 08:30:00 lct      INFO    WELCOME TO THE LANGUAGE CONSTRUCTION TOOL
2020-03-23 08:30:00 lct      INFO    #########################################
2020-03-23 08:30:00 lct      ERROR   MODEL: No Database to remove.
2020-03-23 08:30:00 lct      DEBUG   GUI: Starting Main Frame
2020-03-23 08:30:06 lct      ERROR   MODEL: No Database to remove.
2020-03-23 08:31:58 lct      INFO    Config.lct_root: d:\06_GITHUB\lct
2020-03-23 08:31:59 lct      INFO    config.yaml entry log_level is WARNING.
2020-03-23 08:31:59 lct      INFO    WELCOME TO THE LANGUAGE CONSTRUCTION TOOL
2020-03-23 08:31:59 lct      INFO    #########################################
2020-03-23 08:31:59 lct      ERROR   MODEL: No Database to remove.
2020-03-23 08:31:59 lct      DEBUG   GUI: Starting Main Frame
2020-03-23 08:32:04 lct      ERROR   MODEL: No Database to remove.
2020-03-23 08:33:59 lct      INFO    Config.lct_root: d:\06_GITHUB\lct
2020-03-23 08:33:59 lct      INFO    config.yaml entry log_level is WARNING.
2020-03-23 08:33:59 lct      INFO    WELCOME TO THE LANGUAGE CONSTRUCTION TOOL
2020-03-23 08:33:59 lct      INFO    #########################################
2020-03-23 08:33:59 lct      ERROR   MODEL: No Database to remove.
2020-03-23 08:33:59 lct      DEBUG   GUI: Starting Main Frame
2020-03-23 08:34:06 lct      DEBUG   MODEL: Removed old Database... Ready for new one!
2020-03-24 07:43:35 lct      INFO    Config.lct_root: d:\06_GITHUB\lct
2020-03-24 07:43:35 lct      INFO    config.yaml entry log_level is WARNING.
2020-03-24 07:43:35 lct      INFO    WELCOME TO THE LANGUAGE CONSTRUCTION TOOL
2020-03-24 07:43:35 lct      INFO    #########################################
2020-03-24 07:43:35 lct      ERROR   MODEL: No Database to remove.
2020-03-24 07:43:35 lct      DEBUG   GUI: Starting Main Frame
2020-03-24 08:19:29 lct      INFO    Config.lct_root: d:\06_GITHUB\lct
2020-03-24 08:19:29 lct      INFO    config.yaml entry log_level is WARNING.
2020-03-24 08:19:29 lct      INFO    WELCOME TO THE LANGUAGE CONSTRUCTION TOOL
2020-03-24 08:19:29 lct      INFO    #########################################
2020-03-24 08:19:29 lct      ERROR   MODEL: No Database to remove.
2020-03-24 08:19:48 lct      INFO    Config.lct_root: d:\06_GITHUB\lct
2020-03-24 08:19:48 lct      INFO    config.yaml entry log_level is WARNING.
2020-03-24 08:19:48 lct      INFO    WELCOME TO THE LANGUAGE CONSTRUCTION TOOL
2020-03-24 08:19:48 lct      INFO    #########################################
2020-03-24 08:19:48 lct      ERROR   MODEL: No Database to remove.
2020-03-24 08:19:48 lct      DEBUG   GUI: Starting Main Frame
2020-03-24 08:19:56 lct      DEBUG   MODEL: Removed old Database... Ready for new one!
2020-03-24 08:31:38 lct      INFO    Config.lct_root: d:\06_GITHUB\lct
2020-03-24 08:31:38 lct      INFO    config.yaml entry log_level is WARNING.
2020-03-24 08:31:38 lct      INFO    WELCOME TO THE LANGUAGE CONSTRUCTION TOOL
2020-03-24 08:31:38 lct      INFO    #########################################
2020-03-24 08:31:38 lct      DEBUG   GUI: Starting Main Frame
